<?xml version="1.0" encoding="UTF-8"?>
<testsuite xmlns:xsi="http://www.w3.org/2001/XMLSchema-instance" xsi:noNamespaceSchemaLocation="https://maven.apache.org/surefire/maven-surefire-plugin/xsd/surefire-test-report.xsd" name="com.acme.ex2.repository.BookRepositoryTest" time="4.787" tests="6" errors="0" skipped="0" failures="0">
  <properties>
    <property name="sun.desktop" value="windows"/>
    <property name="awt.toolkit" value="sun.awt.windows.WToolkit"/>
    <property name="java.specification.version" value="11"/>
    <property name="sun.cpu.isalist" value="amd64"/>
    <property name="sun.jnu.encoding" value="Cp1252"/>
    <property name="java.class.path" value="C:\formation_spring\workspaces\myWorkspace\ex2\target\test-classes;C:\formation_spring\workspaces\myWorkspace\ex2\target\classes;c:\formation_spring\maven-repository\org\springframework\boot\spring-boot-starter-data-jpa\2.1.5.RELEASE\spring-boot-starter-data-jpa-2.1.5.RELEASE.jar;c:\formation_spring\maven-repository\org\springframework\boot\spring-boot-starter-aop\2.1.5.RELEASE\spring-boot-starter-aop-2.1.5.RELEASE.jar;c:\formation_spring\maven-repository\org\springframework\spring-aop\5.1.7.RELEASE\spring-aop-5.1.7.RELEASE.jar;c:\formation_spring\maven-repository\org\aspectj\aspectjweaver\1.9.4\aspectjweaver-1.9.4.jar;c:\formation_spring\maven-repository\org\springframework\boot\spring-boot-starter-jdbc\2.1.5.RELEASE\spring-boot-starter-jdbc-2.1.5.RELEASE.jar;c:\formation_spring\maven-repository\com\zaxxer\HikariCP\3.2.0\HikariCP-3.2.0.jar;c:\formation_spring\maven-repository\org\springframework\spring-jdbc\5.1.7.RELEASE\spring-jdbc-5.1.7.RELEASE.jar;c:\formation_spring\maven-repository\javax\transaction\javax.transaction-api\1.3\javax.transaction-api-1.3.jar;c:\formation_spring\maven-repository\javax\xml\bind\jaxb-api\2.3.1\jaxb-api-2.3.1.jar;c:\formation_spring\maven-repository\javax\activation\javax.activation-api\1.2.0\javax.activation-api-1.2.0.jar;c:\formation_spring\maven-repository\org\hibernate\hibernate-core\5.3.10.Final\hibernate-core-5.3.10.Final.jar;c:\formation_spring\maven-repository\javax\persistence\javax.persistence-api\2.2\javax.persistence-api-2.2.jar;c:\formation_spring\maven-repository\org\javassist\javassist\3.23.2-GA\javassist-3.23.2-GA.jar;c:\formation_spring\maven-repository\net\bytebuddy\byte-buddy\1.9.12\byte-buddy-1.9.12.jar;c:\formation_spring\maven-repository\antlr\antlr\2.7.7\antlr-2.7.7.jar;c:\formation_spring\maven-repository\org\jboss\jandex\2.0.5.Final\jandex-2.0.5.Final.jar;c:\formation_spring\maven-repository\com\fasterxml\classmate\1.4.0\classmate-1.4.0.jar;c:\formation_spring\maven-repository\org\dom4j\dom4j\2.1.1\dom4j-2.1.1.jar;c:\formation_spring\maven-repository\org\hibernate\common\hibernate-commons-annotations\5.0.4.Final\hibernate-commons-annotations-5.0.4.Final.jar;c:\formation_spring\maven-repository\org\springframework\data\spring-data-jpa\2.1.8.RELEASE\spring-data-jpa-2.1.8.RELEASE.jar;c:\formation_spring\maven-repository\org\springframework\data\spring-data-commons\2.1.8.RELEASE\spring-data-commons-2.1.8.RELEASE.jar;c:\formation_spring\maven-repository\org\springframework\spring-orm\5.1.7.RELEASE\spring-orm-5.1.7.RELEASE.jar;c:\formation_spring\maven-repository\org\springframework\spring-context\5.1.7.RELEASE\spring-context-5.1.7.RELEASE.jar;c:\formation_spring\maven-repository\org\springframework\spring-expression\5.1.7.RELEASE\spring-expression-5.1.7.RELEASE.jar;c:\formation_spring\maven-repository\org\springframework\spring-tx\5.1.7.RELEASE\spring-tx-5.1.7.RELEASE.jar;c:\formation_spring\maven-repository\org\springframework\spring-beans\5.1.7.RELEASE\spring-beans-5.1.7.RELEASE.jar;c:\formation_spring\maven-repository\org\springframework\spring-aspects\5.1.7.RELEASE\spring-aspects-5.1.7.RELEASE.jar;c:\formation_spring\maven-repository\org\hibernate\hibernate-jcache\5.3.10.Final\hibernate-jcache-5.3.10.Final.jar;c:\formation_spring\maven-repository\org\jboss\logging\jboss-logging\3.3.2.Final\jboss-logging-3.3.2.Final.jar;c:\formation_spring\maven-repository\javax\cache\cache-api\1.1.0\cache-api-1.1.0.jar;c:\formation_spring\maven-repository\org\ehcache\ehcache\3.6.3\ehcache-3.6.3.jar;c:\formation_spring\maven-repository\org\slf4j\slf4j-api\1.7.26\slf4j-api-1.7.26.jar;c:\formation_spring\maven-repository\org\postgresql\postgresql\42.2.5\postgresql-42.2.5.jar;c:\formation_spring\maven-repository\org\springframework\boot\spring-boot-starter-test\2.1.5.RELEASE\spring-boot-starter-test-2.1.5.RELEASE.jar;c:\formation_spring\maven-repository\org\springframework\boot\spring-boot-starter\2.1.5.RELEASE\spring-boot-starter-2.1.5.RELEASE.jar;c:\formation_spring\maven-repository\org\springframework\boot\spring-boot\2.1.5.RELEASE\spring-boot-2.1.5.RELEASE.jar;c:\formation_spring\maven-repository\org\springframework\boot\spring-boot-autoconfigure\2.1.5.RELEASE\spring-boot-autoconfigure-2.1.5.RELEASE.jar;c:\formation_spring\maven-repository\org\springframework\boot\spring-boot-starter-logging\2.1.5.RELEASE\spring-boot-starter-logging-2.1.5.RELEASE.jar;c:\formation_spring\maven-repository\ch\qos\logback\logback-classic\1.2.3\logback-classic-1.2.3.jar;c:\formation_spring\maven-repository\ch\qos\logback\logback-core\1.2.3\logback-core-1.2.3.jar;c:\formation_spring\maven-repository\org\apache\logging\log4j\log4j-to-slf4j\2.11.2\log4j-to-slf4j-2.11.2.jar;c:\formation_spring\maven-repository\org\apache\logging\log4j\log4j-api\2.11.2\log4j-api-2.11.2.jar;c:\formation_spring\maven-repository\org\slf4j\jul-to-slf4j\1.7.26\jul-to-slf4j-1.7.26.jar;c:\formation_spring\maven-repository\javax\annotation\javax.annotation-api\1.3.2\javax.annotation-api-1.3.2.jar;c:\formation_spring\maven-repository\org\yaml\snakeyaml\1.23\snakeyaml-1.23.jar;c:\formation_spring\maven-repository\org\springframework\boot\spring-boot-test\2.1.5.RELEASE\spring-boot-test-2.1.5.RELEASE.jar;c:\formation_spring\maven-repository\org\springframework\boot\spring-boot-test-autoconfigure\2.1.5.RELEASE\spring-boot-test-autoconfigure-2.1.5.RELEASE.jar;c:\formation_spring\maven-repository\com\jayway\jsonpath\json-path\2.4.0\json-path-2.4.0.jar;c:\formation_spring\maven-repository\net\minidev\json-smart\2.3\json-smart-2.3.jar;c:\formation_spring\maven-repository\net\minidev\accessors-smart\1.2\accessors-smart-1.2.jar;c:\formation_spring\maven-repository\org\ow2\asm\asm\5.0.4\asm-5.0.4.jar;c:\formation_spring\maven-repository\org\assertj\assertj-core\3.11.1\assertj-core-3.11.1.jar;c:\formation_spring\maven-repository\org\mockito\mockito-core\2.23.4\mockito-core-2.23.4.jar;c:\formation_spring\maven-repository\net\bytebuddy\byte-buddy-agent\1.9.12\byte-buddy-agent-1.9.12.jar;c:\formation_spring\maven-repository\org\objenesis\objenesis\2.6\objenesis-2.6.jar;c:\formation_spring\maven-repository\org\hamcrest\hamcrest-core\1.3\hamcrest-core-1.3.jar;c:\formation_spring\maven-repository\org\hamcrest\hamcrest-library\1.3\hamcrest-library-1.3.jar;c:\formation_spring\maven-repository\org\skyscreamer\jsonassert\1.5.0\jsonassert-1.5.0.jar;c:\formation_spring\maven-repository\com\vaadin\external\google\android-json\0.0.20131108.vaadin1\android-json-0.0.20131108.vaadin1.jar;c:\formation_spring\maven-repository\org\springframework\spring-core\5.1.7.RELEASE\spring-core-5.1.7.RELEASE.jar;c:\formation_spring\maven-repository\org\springframework\spring-jcl\5.1.7.RELEASE\spring-jcl-5.1.7.RELEASE.jar;c:\formation_spring\maven-repository\org\springframework\spring-test\5.1.7.RELEASE\spring-test-5.1.7.RELEASE.jar;c:\formation_spring\maven-repository\org\xmlunit\xmlunit-core\2.6.2\xmlunit-core-2.6.2.jar;c:\formation_spring\maven-repository\org\junit\jupiter\junit-jupiter-engine\5.3.2\junit-jupiter-engine-5.3.2.jar;c:\formation_spring\maven-repository\org\apiguardian\apiguardian-api\1.0.0\apiguardian-api-1.0.0.jar;c:\formation_spring\maven-repository\org\junit\platform\junit-platform-engine\1.3.2\junit-platform-engine-1.3.2.jar;c:\formation_spring\maven-repository\org\junit\platform\junit-platform-commons\1.3.2\junit-platform-commons-1.3.2.jar;c:\formation_spring\maven-repository\org\opentest4j\opentest4j\1.1.1\opentest4j-1.1.1.jar;c:\formation_spring\maven-repository\org\junit\jupiter\junit-jupiter-api\5.3.2\junit-jupiter-api-5.3.2.jar;c:\formation_spring\maven-repository\org\apache\derby\derby\10.14.2.0\derby-10.14.2.0.jar;"/>
    <property name="java.vm.vendor" value="Oracle Corporation"/>
    <property name="sun.arch.data.model" value="64"/>
    <property name="user.variant" value=""/>
    <property name="java.vendor.url" value="http://java.oracle.com/"/>
    <property name="user.timezone" value="Europe/Paris"/>
    <property name="java.vm.specification.version" value="11"/>
    <property name="os.name" value="Windows 10"/>
    <property name="sun.java.launcher" value="SUN_STANDARD"/>
    <property name="user.country" value="FR"/>
    <property name="sun.boot.library.path" value="C:\formation_spring\env\jdk-11.0.1\bin"/>
    <property name="sun.java.command" value="C:\Users\orsys\AppData\Local\Temp\surefire5401367979176113351\surefirebooter5308064427487990711.jar C:\Users\orsys\AppData\Local\Temp\surefire5401367979176113351 2019-05-28T14-05-30_650-jvmRun1 surefire17653248905552703342tmp surefire_016653859571780607692tmp"/>
    <property name="jdk.debug" value="release"/>
    <property name="surefire.test.class.path" value="C:\formation_spring\workspaces\myWorkspace\ex2\target\test-classes;C:\formation_spring\workspaces\myWorkspace\ex2\target\classes;c:\formation_spring\maven-repository\org\springframework\boot\spring-boot-starter-data-jpa\2.1.5.RELEASE\spring-boot-starter-data-jpa-2.1.5.RELEASE.jar;c:\formation_spring\maven-repository\org\springframework\boot\spring-boot-starter-aop\2.1.5.RELEASE\spring-boot-starter-aop-2.1.5.RELEASE.jar;c:\formation_spring\maven-repository\org\springframework\spring-aop\5.1.7.RELEASE\spring-aop-5.1.7.RELEASE.jar;c:\formation_spring\maven-repository\org\aspectj\aspectjweaver\1.9.4\aspectjweaver-1.9.4.jar;c:\formation_spring\maven-repository\org\springframework\boot\spring-boot-starter-jdbc\2.1.5.RELEASE\spring-boot-starter-jdbc-2.1.5.RELEASE.jar;c:\formation_spring\maven-repository\com\zaxxer\HikariCP\3.2.0\HikariCP-3.2.0.jar;c:\formation_spring\maven-repository\org\springframework\spring-jdbc\5.1.7.RELEASE\spring-jdbc-5.1.7.RELEASE.jar;c:\formation_spring\maven-repository\javax\transaction\javax.transaction-api\1.3\javax.transaction-api-1.3.jar;c:\formation_spring\maven-repository\javax\xml\bind\jaxb-api\2.3.1\jaxb-api-2.3.1.jar;c:\formation_spring\maven-repository\javax\activation\javax.activation-api\1.2.0\javax.activation-api-1.2.0.jar;c:\formation_spring\maven-repository\org\hibernate\hibernate-core\5.3.10.Final\hibernate-core-5.3.10.Final.jar;c:\formation_spring\maven-repository\javax\persistence\javax.persistence-api\2.2\javax.persistence-api-2.2.jar;c:\formation_spring\maven-repository\org\javassist\javassist\3.23.2-GA\javassist-3.23.2-GA.jar;c:\formation_spring\maven-repository\net\bytebuddy\byte-buddy\1.9.12\byte-buddy-1.9.12.jar;c:\formation_spring\maven-repository\antlr\antlr\2.7.7\antlr-2.7.7.jar;c:\formation_spring\maven-repository\org\jboss\jandex\2.0.5.Final\jandex-2.0.5.Final.jar;c:\formation_spring\maven-repository\com\fasterxml\classmate\1.4.0\classmate-1.4.0.jar;c:\formation_spring\maven-repository\org\dom4j\dom4j\2.1.1\dom4j-2.1.1.jar;c:\formation_spring\maven-repository\org\hibernate\common\hibernate-commons-annotations\5.0.4.Final\hibernate-commons-annotations-5.0.4.Final.jar;c:\formation_spring\maven-repository\org\springframework\data\spring-data-jpa\2.1.8.RELEASE\spring-data-jpa-2.1.8.RELEASE.jar;c:\formation_spring\maven-repository\org\springframework\data\spring-data-commons\2.1.8.RELEASE\spring-data-commons-2.1.8.RELEASE.jar;c:\formation_spring\maven-repository\org\springframework\spring-orm\5.1.7.RELEASE\spring-orm-5.1.7.RELEASE.jar;c:\formation_spring\maven-repository\org\springframework\spring-context\5.1.7.RELEASE\spring-context-5.1.7.RELEASE.jar;c:\formation_spring\maven-repository\org\springframework\spring-expression\5.1.7.RELEASE\spring-expression-5.1.7.RELEASE.jar;c:\formation_spring\maven-repository\org\springframework\spring-tx\5.1.7.RELEASE\spring-tx-5.1.7.RELEASE.jar;c:\formation_spring\maven-repository\org\springframework\spring-beans\5.1.7.RELEASE\spring-beans-5.1.7.RELEASE.jar;c:\formation_spring\maven-repository\org\springframework\spring-aspects\5.1.7.RELEASE\spring-aspects-5.1.7.RELEASE.jar;c:\formation_spring\maven-repository\org\hibernate\hibernate-jcache\5.3.10.Final\hibernate-jcache-5.3.10.Final.jar;c:\formation_spring\maven-repository\org\jboss\logging\jboss-logging\3.3.2.Final\jboss-logging-3.3.2.Final.jar;c:\formation_spring\maven-repository\javax\cache\cache-api\1.1.0\cache-api-1.1.0.jar;c:\formation_spring\maven-repository\org\ehcache\ehcache\3.6.3\ehcache-3.6.3.jar;c:\formation_spring\maven-repository\org\slf4j\slf4j-api\1.7.26\slf4j-api-1.7.26.jar;c:\formation_spring\maven-repository\org\postgresql\postgresql\42.2.5\postgresql-42.2.5.jar;c:\formation_spring\maven-repository\org\springframework\boot\spring-boot-starter-test\2.1.5.RELEASE\spring-boot-starter-test-2.1.5.RELEASE.jar;c:\formation_spring\maven-repository\org\springframework\boot\spring-boot-starter\2.1.5.RELEASE\spring-boot-starter-2.1.5.RELEASE.jar;c:\formation_spring\maven-repository\org\springframework\boot\spring-boot\2.1.5.RELEASE\spring-boot-2.1.5.RELEASE.jar;c:\formation_spring\maven-repository\org\springframework\boot\spring-boot-autoconfigure\2.1.5.RELEASE\spring-boot-autoconfigure-2.1.5.RELEASE.jar;c:\formation_spring\maven-repository\org\springframework\boot\spring-boot-starter-logging\2.1.5.RELEASE\spring-boot-starter-logging-2.1.5.RELEASE.jar;c:\formation_spring\maven-repository\ch\qos\logback\logback-classic\1.2.3\logback-classic-1.2.3.jar;c:\formation_spring\maven-repository\ch\qos\logback\logback-core\1.2.3\logback-core-1.2.3.jar;c:\formation_spring\maven-repository\org\apache\logging\log4j\log4j-to-slf4j\2.11.2\log4j-to-slf4j-2.11.2.jar;c:\formation_spring\maven-repository\org\apache\logging\log4j\log4j-api\2.11.2\log4j-api-2.11.2.jar;c:\formation_spring\maven-repository\org\slf4j\jul-to-slf4j\1.7.26\jul-to-slf4j-1.7.26.jar;c:\formation_spring\maven-repository\javax\annotation\javax.annotation-api\1.3.2\javax.annotation-api-1.3.2.jar;c:\formation_spring\maven-repository\org\yaml\snakeyaml\1.23\snakeyaml-1.23.jar;c:\formation_spring\maven-repository\org\springframework\boot\spring-boot-test\2.1.5.RELEASE\spring-boot-test-2.1.5.RELEASE.jar;c:\formation_spring\maven-repository\org\springframework\boot\spring-boot-test-autoconfigure\2.1.5.RELEASE\spring-boot-test-autoconfigure-2.1.5.RELEASE.jar;c:\formation_spring\maven-repository\com\jayway\jsonpath\json-path\2.4.0\json-path-2.4.0.jar;c:\formation_spring\maven-repository\net\minidev\json-smart\2.3\json-smart-2.3.jar;c:\formation_spring\maven-repository\net\minidev\accessors-smart\1.2\accessors-smart-1.2.jar;c:\formation_spring\maven-repository\org\ow2\asm\asm\5.0.4\asm-5.0.4.jar;c:\formation_spring\maven-repository\org\assertj\assertj-core\3.11.1\assertj-core-3.11.1.jar;c:\formation_spring\maven-repository\org\mockito\mockito-core\2.23.4\mockito-core-2.23.4.jar;c:\formation_spring\maven-repository\net\bytebuddy\byte-buddy-agent\1.9.12\byte-buddy-agent-1.9.12.jar;c:\formation_spring\maven-repository\org\objenesis\objenesis\2.6\objenesis-2.6.jar;c:\formation_spring\maven-repository\org\hamcrest\hamcrest-core\1.3\hamcrest-core-1.3.jar;c:\formation_spring\maven-repository\org\hamcrest\hamcrest-library\1.3\hamcrest-library-1.3.jar;c:\formation_spring\maven-repository\org\skyscreamer\jsonassert\1.5.0\jsonassert-1.5.0.jar;c:\formation_spring\maven-repository\com\vaadin\external\google\android-json\0.0.20131108.vaadin1\android-json-0.0.20131108.vaadin1.jar;c:\formation_spring\maven-repository\org\springframework\spring-core\5.1.7.RELEASE\spring-core-5.1.7.RELEASE.jar;c:\formation_spring\maven-repository\org\springframework\spring-jcl\5.1.7.RELEASE\spring-jcl-5.1.7.RELEASE.jar;c:\formation_spring\maven-repository\org\springframework\spring-test\5.1.7.RELEASE\spring-test-5.1.7.RELEASE.jar;c:\formation_spring\maven-repository\org\xmlunit\xmlunit-core\2.6.2\xmlunit-core-2.6.2.jar;c:\formation_spring\maven-repository\org\junit\jupiter\junit-jupiter-engine\5.3.2\junit-jupiter-engine-5.3.2.jar;c:\formation_spring\maven-repository\org\apiguardian\apiguardian-api\1.0.0\apiguardian-api-1.0.0.jar;c:\formation_spring\maven-repository\org\junit\platform\junit-platform-engine\1.3.2\junit-platform-engine-1.3.2.jar;c:\formation_spring\maven-repository\org\junit\platform\junit-platform-commons\1.3.2\junit-platform-commons-1.3.2.jar;c:\formation_spring\maven-repository\org\opentest4j\opentest4j\1.1.1\opentest4j-1.1.1.jar;c:\formation_spring\maven-repository\org\junit\jupiter\junit-jupiter-api\5.3.2\junit-jupiter-api-5.3.2.jar;c:\formation_spring\maven-repository\org\apache\derby\derby\10.14.2.0\derby-10.14.2.0.jar;"/>
    <property name="sun.cpu.endian" value="little"/>
    <property name="user.home" value="C:\Users\orsys"/>
    <property name="user.language" value="fr"/>
    <property name="java.specification.vendor" value="Oracle Corporation"/>
    <property name="java.version.date" value="2018-10-16"/>
    <property name="java.home" value="C:\formation_spring\env\jdk-11.0.1"/>
    <property name="file.separator" value="\"/>
    <property name="basedir" value="C:\formation_spring\workspaces\myWorkspace\ex2"/>
    <property name="java.vm.compressedOopsMode" value="32-bit"/>
    <property name="line.separator" value="&#10;"/>
    <property name="java.specification.name" value="Java Platform API Specification"/>
    <property name="java.vm.specification.vendor" value="Oracle Corporation"/>
    <property name="java.awt.graphicsenv" value="sun.awt.Win32GraphicsEnvironment"/>
    <property name="surefire.real.class.path" value="C:\Users\orsys\AppData\Local\Temp\surefire5401367979176113351\surefirebooter5308064427487990711.jar"/>
    <property name="user.script" value=""/>
    <property name="sun.management.compiler" value="HotSpot 64-Bit Tiered Compilers"/>
    <property name="java.runtime.version" value="11.0.1+13-LTS"/>
    <property name="user.name" value="orsys"/>
    <property name="path.separator" value=";"/>
    <property name="os.version" value="10.0"/>
    <property name="java.runtime.name" value="Java(TM) SE Runtime Environment"/>
    <property name="file.encoding" value="Cp1252"/>
    <property name="java.vm.name" value="Java HotSpot(TM) 64-Bit Server VM"/>
    <property name="java.vendor.version" value="18.9"/>
    <property name="localRepository" value="c:\formation_spring\maven-repository"/>
    <property name="java.vendor.url.bug" value="http://bugreport.java.com/bugreport/"/>
    <property name="java.io.tmpdir" value="C:\Users\orsys\AppData\Local\Temp\"/>
    <property name="java.version" value="11.0.1"/>
    <property name="user.dir" value="C:\formation_spring\workspaces\myWorkspace\ex2"/>
    <property name="os.arch" value="amd64"/>
    <property name="java.vm.specification.name" value="Java Virtual Machine Specification"/>
    <property name="java.awt.printerjob" value="sun.awt.windows.WPrinterJob"/>
    <property name="idea.version2019.1.2" value="true"/>
    <property name="sun.os.patch.level" value=""/>
    <property name="java.library.path" value="C:\formation_spring\env\jdk-11.0.1\bin;C:\WINDOWS\Sun\Java\bin;C:\WINDOWS\system32;C:\WINDOWS;C:\anaconda3-5.2.0;C:\anaconda3-5.2.0\Library\mingw-w64\bin;C:\anaconda3-5.2.0\Library\usr\bin;C:\anaconda3-5.2.0\Library\bin;C:\anaconda3-5.2.0\Scripts;C:\Program Files\Docker\Docker\Resources\bin;C:\opt\Python36-32\Scripts\;C:\opt\Python36-32\;C:\WINDOWS\system32;C:\WINDOWS;C:\WINDOWS\System32\Wbem;C:\WINDOWS\System32\WindowsPowerShell\v1.0\;C:\opt\apache-ant-1.9.10\bin;C:\opt\nodejs\;C:\opt\nodejs\node_modules\npm;C:\Program Files\Git\cmd;C:\opt\Ruby25-x64\bin;C:\Program Files\GitHubDesktop\bin;C:\Program Files\atom\bin;C:\Program Files (x86)\Bitvise SSH Client;C:\opt\glassfish5\bin;C:\Program Files\jEdit;C:\opt\apache-jmeter-4.0\bin;C:\Program Files\Microsoft SQL Server\130\Tools\Binn\;C:\opt\play-java-starter-example\sbt-dist\bin;C:\Program Files\PuTTY\;C:\Program Files (x86)\Rational\common;C:\opt\apache-maven-3.5.3\bin;C:\Program Files\Microsoft VS Code\bin;C:\Program Files\TortoiseSVN\bin;C:\Program Files\Java\jdk1.8.0_152\bin;C:\opt\MinGW\bin;C:\WINDOWS\System32\OpenSSH\;C:\Users\orsys\AppData\Local\Microsoft\WindowsApps;;%USERPROFILE%\AppData\Local\Microsoft\WindowsApps;."/>
    <property name="java.vendor" value="Oracle Corporation"/>
    <property name="java.vm.info" value="mixed mode"/>
    <property name="java.vm.version" value="11.0.1+13-LTS"/>
    <property name="sun.io.unicode.encoding" value="UnicodeLittle"/>
    <property name="java.class.version" value="55.0"/>
  </properties>
  <testcase name="testFind" classname="com.acme.ex2.repository.BookRepositoryTest" time="0.248"/>
  <testcase name="testSave" classname="com.acme.ex2.repository.BookRepositoryTest" time="0.024"/>
  <testcase name="testGetById" classname="com.acme.ex2.repository.BookRepositoryTest" time="0.027"/>
  <testcase name="testDelete" classname="com.acme.ex2.repository.BookRepositoryTest" time="0.025"/>
  <testcase name="testUpdateExisting" classname="com.acme.ex2.repository.BookRepositoryTest" time="0.016"/>
  <testcase name="testGetByIdWithLazyLoading" classname="com.acme.ex2.repository.BookRepositoryTest" time="0.025"/>
</testsuite>